[09:18:19] [Client thread/INFO]: Setting user: Player679
[09:18:44] [Client thread/WARN]: Skipping bad option: lastServer:
[09:18:44] [Client thread/INFO]: LWJGL Version: 2.9.4
[09:18:48] [Client thread/INFO]: [STDOUT]: ---- Minecraft Crash Report ----
// I'm sorry, Dave.

Time: 8/17/17 9:18 AM
Description: Loading screen debug info

This is just a prompt for computer specs to be printed. THIS IS NOT A ERROR


A detailed walkthrough of the error, its code path and all known details is as follows:
---------------------------------------------------------------------------------------

-- System Details --
Details:
	Minecraft Version: 1.11.2
	Operating System: Windows 10 (amd64) version 10.0
	Java Version: 1.8.0_131, Oracle Corporation
	Java VM Version: Java HotSpot(TM) 64-Bit Server VM (mixed mode), Oracle Corporation
	Memory: 506408408 bytes (482 MB) / 844627968 bytes (805 MB) up to 3784310784 bytes (3609 MB)
	JVM Flags: 0 total; 
	IntCache: cache: 0, tcache: 0, allocated: 0, tallocated: 0
	FML: 
	Loaded coremods (and transformers): 
SmithsCoreFMLPlugin (unknown)
  com.smithsmodding.smithscore.core.transformers.TextureHookTransformer
	GL info: ' Vendor: 'Intel' Version: '4.4.0 - Build 21.20.16.4590' Renderer: 'Intel(R) HD Graphics 620'
[09:19:12] [Client thread/INFO]: Reloading ResourceManager: Default, FMLFileResourcePack:Forge Mod Loader, FMLFileResourcePack:Minecraft Forge, FMLFileResourcePack:Armory, FMLFileResourcePack:smithscore, FMLFileResourcePack:Just Enough Items
[09:19:37] [Sound Library Loader/INFO]: Starting up SoundSystem...
[09:19:37] [Thread-8/INFO]: Initializing LWJGL OpenAL
[09:19:37] [Thread-8/INFO]: (The LWJGL binding of OpenAL.  For more information, see http://www.lwjgl.org)
[09:19:38] [Thread-8/INFO]: OpenAL initialized.
[09:19:38] [Sound Library Loader/INFO]: Sound engine started
[09:20:10] [Client thread/INFO]: Created: 16x16 textures-atlas
[09:20:18] [Client thread/INFO]: Reloading ResourceManager: Default, FMLFileResourcePack:Forge Mod Loader, FMLFileResourcePack:Minecraft Forge, FMLFileResourcePack:Armory, FMLFileResourcePack:smithscore, FMLFileResourcePack:Just Enough Items
[09:20:26] [Client thread/INFO]: SoundSystem shutting down...
[09:20:26] [Client thread/WARN]: Author: Paul Lamb, www.paulscode.com
[09:20:26] [Sound Library Loader/INFO]: Starting up SoundSystem...
[09:20:27] [Thread-10/INFO]: Initializing LWJGL OpenAL
[09:20:27] [Thread-10/INFO]: (The LWJGL binding of OpenAL.  For more information, see http://www.lwjgl.org)
[09:20:27] [Thread-10/INFO]: OpenAL initialized.
[09:20:27] [Sound Library Loader/INFO]: Sound engine started
[09:20:46] [Client thread/INFO]: Created: 1024x512 textures-atlas
[09:21:27] [Client thread/WARN]: Skipping bad option: lastServer:
[09:21:30] [Realms Notification Availability checker #1/INFO]: Could not authorize you against Realms server: Invalid session id
[09:21:43] [Client thread/INFO]: Deleting level New World
[09:21:43] [Client thread/INFO]: Attempt 1...
[09:22:04] [Server thread/INFO]: Starting integrated minecraft server version 1.11.2
[09:22:04] [Server thread/INFO]: Generating keypair
[09:22:05] [Server thread/WARN]: Unable to find spawn biome
[09:22:13] [Server thread/INFO]: Preparing start region for level 0
[09:22:14] [Server thread/INFO]: Preparing spawn area: 8%
[09:22:15] [Server thread/INFO]: Preparing spawn area: 18%
[09:22:16] [Server thread/INFO]: Preparing spawn area: 29%
[09:22:17] [Server thread/INFO]: Preparing spawn area: 37%
[09:22:18] [Server thread/INFO]: Preparing spawn area: 40%
[09:22:19] [Server thread/INFO]: Preparing spawn area: 53%
[09:22:20] [Server thread/INFO]: Preparing spawn area: 67%
[09:22:22] [Server thread/INFO]: Preparing spawn area: 68%
[09:22:23] [Server thread/INFO]: Preparing spawn area: 83%
[09:22:24] [Server thread/INFO]: Preparing spawn area: 97%
[09:22:24] [Server thread/INFO]: Changing view distance to 12, from 10
[09:22:27] [Server thread/INFO]: Player679[local:E:0095e306] logged in with entity id 5 at (-587.5, 64.0, 224.5)
[09:22:27] [Server thread/INFO]: Player679 joined the game
[09:22:30] [Server thread/INFO]: Saving and pausing game...
[09:22:30] [Server thread/INFO]: Saving chunks for level 'New World'/Overworld
[09:22:32] [pool-2-thread-1/WARN]: Couldn't look up profile properties for com.mojang.authlib.GameProfile@19501cb[id=def15adf-07af-3672-a35b-fe69f139863f,name=Player679,properties={},legacy=false]
com.mojang.authlib.exceptions.AuthenticationException: The client has sent too many requests within a certain amount of time
	at com.mojang.authlib.yggdrasil.YggdrasilAuthenticationService.makeRequest(YggdrasilAuthenticationService.java:79) ~[YggdrasilAuthenticationService.class:?]
	at com.mojang.authlib.yggdrasil.YggdrasilMinecraftSessionService.fillGameProfile(YggdrasilMinecraftSessionService.java:180) [YggdrasilMinecraftSessionService.class:?]
	at com.mojang.authlib.yggdrasil.YggdrasilMinecraftSessionService$1.load(YggdrasilMinecraftSessionService.java:60) [YggdrasilMinecraftSessionService$1.class:?]
	at com.mojang.authlib.yggdrasil.YggdrasilMinecraftSessionService$1.load(YggdrasilMinecraftSessionService.java:57) [YggdrasilMinecraftSessionService$1.class:?]
	at com.google.common.cache.LocalCache$LoadingValueReference.loadFuture(LocalCache.java:3524) [guava-17.0.jar:?]
	at com.google.common.cache.LocalCache$Segment.loadSync(LocalCache.java:2317) [guava-17.0.jar:?]
	at com.google.common.cache.LocalCache$Segment.lockedGetOrLoad(LocalCache.java:2280) [guava-17.0.jar:?]
	at com.google.common.cache.LocalCache$Segment.get(LocalCache.java:2195) [guava-17.0.jar:?]
	at com.google.common.cache.LocalCache.get(LocalCache.java:3934) [guava-17.0.jar:?]
	at com.google.common.cache.LocalCache.getOrLoad(LocalCache.java:3938) [guava-17.0.jar:?]
	at com.google.common.cache.LocalCache$LocalLoadingCache.get(LocalCache.java:4821) [guava-17.0.jar:?]
	at com.google.common.cache.LocalCache$LocalLoadingCache.getUnchecked(LocalCache.java:4827) [guava-17.0.jar:?]
	at com.mojang.authlib.yggdrasil.YggdrasilMinecraftSessionService.fillProfileProperties(YggdrasilMinecraftSessionService.java:170) [YggdrasilMinecraftSessionService.class:?]
	at net.minecraft.client.Minecraft.getProfileProperties(Minecraft.java:3056) [Minecraft.class:?]
	at net.minecraft.client.resources.SkinManager$3.run(SkinManager.java:138) [SkinManager$3.class:?]
	at java.util.concurrent.Executors$RunnableAdapter.call(Executors.java:511) [?:1.8.0_131]
	at java.util.concurrent.FutureTask.run(FutureTask.java:266) [?:1.8.0_131]
	at java.util.concurrent.ThreadPoolExecutor.runWorker(ThreadPoolExecutor.java:1142) [?:1.8.0_131]
	at java.util.concurrent.ThreadPoolExecutor$Worker.run(ThreadPoolExecutor.java:617) [?:1.8.0_131]
	at java.lang.Thread.run(Thread.java:748) [?:1.8.0_131]
[09:22:33] [Server thread/INFO]: Saving chunks for level 'New World'/Nether
[09:22:34] [Server thread/INFO]: Saving chunks for level 'New World'/The End
[09:22:34] [Server thread/WARN]: Can't keep up! Did the system time change, or is the server overloaded? Running 4062ms behind, skipping 81 tick(s)
[09:22:37] [Server thread/INFO]: Player679 has just earned the achievement [Taking Inventory]
[09:22:38] [Client thread/INFO]: [CHAT] Player679 has just earned the achievement [Taking Inventory]
[09:22:42] [Server thread/INFO]: [Player679: Given [§rArmory.Materials.Vanilla.Iron§r item.armory.multiarmor.armor.chestplate] * 1 to Player679]
[09:22:42] [Client thread/INFO]: [CHAT] Given [§rArmory.Materials.Vanilla.Iron§r item.armory.multiarmor.armor.chestplate] * 1 to Player679
[09:22:43] [Server thread/INFO]: [Player679: Given [§rArmory.Materials.Armory.Iron.Hardened§r item.armory.multiarmor.armor.helmet] * 1 to Player679]
[09:22:43] [Client thread/INFO]: [CHAT] Given [§rArmory.Materials.Armory.Iron.Hardened§r item.armory.multiarmor.armor.helmet] * 1 to Player679
[09:23:06] [Server thread/INFO]: Saving and pausing game...
[09:23:06] [Server thread/INFO]: Saving chunks for level 'New World'/Overworld
[09:23:07] [Server thread/INFO]: Saving chunks for level 'New World'/Nether
[09:23:07] [Server thread/INFO]: Saving chunks for level 'New World'/The End
[09:23:07] [Server thread/INFO]: Stopping server
[09:23:07] [Server thread/INFO]: Saving players
[09:23:07] [Server thread/INFO]: Player679 lost connection: TextComponent{text='Disconnected', siblings=[], style=Style{hasParent=false, color=null, bold=null, italic=null, underlined=null, obfuscated=null, clickEvent=null, hoverEvent=null, insertion=null}}
[09:23:07] [Server thread/INFO]: Player679 left the game
[09:23:07] [Server thread/INFO]: Stopping singleplayer server as player logged out
[09:23:07] [Server thread/INFO]: Saving worlds
[09:23:07] [Server thread/INFO]: Saving chunks for level 'New World'/Overworld
[09:23:07] [Server thread/INFO]: Saving chunks for level 'New World'/Nether
[09:23:07] [Server thread/INFO]: Saving chunks for level 'New World'/The End
[09:23:10] [Client thread/INFO]: Stopping!
[09:23:10] [Client thread/INFO]: SoundSystem shutting down...
[09:23:10] [Client thread/WARN]: Author: Paul Lamb, www.paulscode.com
